#
# There is insufficient memory for the Java Runtime Environment to continue.
# Native memory allocation (malloc) failed to allocate 32744 bytes for ChunkPool::allocate
# Possible reasons:
#   The system is out of physical RAM or swap space
#   In 32 bit mode, the process size limit was hit
# Possible solutions:
#   Reduce memory load on the system
#   Increase physical memory or swap space
#   Check if swap backing store is full
#   Use 64 bit Java on a 64 bit OS
#   Decrease Java heap size (-Xmx/-Xms)
#   Decrease number of Java threads
#   Decrease Java thread stack sizes (-Xss)
#   Set larger code cache with -XX:ReservedCodeCacheSize=
# This output file may be truncated or incomplete.
#
#  Out of Memory Error (allocation.cpp:273), pid=5152, tid=0x00000000000034fc
#
# JRE version: OpenJDK Runtime Environment (8.0_76-b03) (build 1.8.0_76-release-b03)
# Java VM: OpenJDK 64-Bit Server VM (25.76-b03 mixed mode windows-amd64 compressed oops)
# Failed to write core dump. Minidumps are not enabled by default on client versions of Windows
#

---------------  T H R E A D  ---------------

Current thread (0x00000000161bc800):  JavaThread "C2 CompilerThread1" daemon [_thread_in_native, id=13564, stack(0x0000000017bd0000,0x0000000017cd0000)]

Stack: [0x0000000017bd0000,0x0000000017cd0000]
[error occurred during error reporting (printing stack bounds), id 0xc0000005]

Native frames: (J=compiled Java code, j=interpreted, Vv=VM code, C=native code)


Current CompileTask:
C2:2235986 15516       4       com.android.dx.dex.file.DebugInfoEncoder::emitHeader (530 bytes)


---------------  P R O C E S S  ---------------

Java Threads: ( => current thread )
  0x000000001a87e800 JavaThread "pool-11-thread-4" [_thread_blocked, id=13572, stack(0x00000000289d0000,0x0000000028ad0000)]
  0x000000001a87d000 JavaThread "pool-11-thread-3" [_thread_blocked, id=7884, stack(0x00000000288d0000,0x00000000289d0000)]
  0x000000001a87e000 JavaThread "pool-11-thread-2" [_thread_blocked, id=9972, stack(0x00000000287d0000,0x00000000288d0000)]
  0x000000001a87b800 JavaThread "pool-11-thread-1" [_thread_blocked, id=9340, stack(0x00000000286d0000,0x00000000287d0000)]
  0x000000001a87c800 JavaThread "pool-9-thread-4" [_thread_blocked, id=2652, stack(0x00000000285d0000,0x00000000286d0000)]
  0x000000001a87b000 JavaThread "pool-9-thread-3" [_thread_blocked, id=12364, stack(0x00000000284d0000,0x00000000285d0000)]
  0x000000001a873800 JavaThread "pool-9-thread-2" [_thread_blocked, id=5984, stack(0x00000000283d0000,0x00000000284d0000)]
  0x000000001a879800 JavaThread "pool-9-thread-1" [_thread_blocked, id=1080, stack(0x0000000027cd0000,0x0000000027dd0000)]
  0x000000001a878000 JavaThread "Stdin handler" [_thread_blocked, id=10660, stack(0x0000000027bd0000,0x0000000027cd0000)]
  0x000000001a876800 JavaThread "Asynchronous log dispatcher for org.gradle.launcher.daemon.server.DefaultDaemonConnection@3b27cdf2" [_thread_blocked, id=10556, stack(0x0000000027ad0000,0x0000000027bd0000)]
  0x000000001a872800 JavaThread "Daemon worker Thread 3" [_thread_blocked, id=9316, stack(0x00000000279d0000,0x0000000027ad0000)]
  0x000000001a875800 JavaThread "Cancel handler" [_thread_blocked, id=13836, stack(0x00000000278d0000,0x00000000279d0000)]
  0x000000001a871000 JavaThread "Handler for socket connection from /127.0.0.1:50056 to /127.0.0.1:55371" [_thread_in_native, id=3032, stack(0x00000000277d0000,0x00000000278d0000)]
  0x000000001a874000 JavaThread "Daemon Thread 3" [_thread_blocked, id=12612, stack(0x00000000276d0000,0x00000000277d0000)]
  0x000000001a875000 JavaThread "stdout" daemon [_thread_in_native, id=13708, stack(0x00000000269d0000,0x0000000026ad0000)]
  0x000000001a870800 JavaThread "stderr" daemon [_thread_in_native, id=11056, stack(0x00000000268d0000,0x00000000269d0000)]
  0x000000001a872000 JavaThread "stdout" daemon [_thread_in_native, id=13948, stack(0x00000000267d0000,0x00000000268d0000)]
  0x000000001a877000 JavaThread "stderr" daemon [_thread_in_native, id=11544, stack(0x00000000266d0000,0x00000000267d0000)]
  0x00000000182a8000 JavaThread "stdout" daemon [_thread_in_native, id=13496, stack(0x00000000265d0000,0x00000000266d0000)]
  0x00000000182a7800 JavaThread "stderr" daemon [_thread_in_native, id=11184, stack(0x00000000264d0000,0x00000000265d0000)]
  0x00000000182a9000 JavaThread "stdout" daemon [_thread_in_native, id=10420, stack(0x00000000263d0000,0x00000000264d0000)]
  0x00000000182a6800 JavaThread "stderr" daemon [_thread_in_native, id=9768, stack(0x00000000262d0000,0x00000000263d0000)]
  0x00000000182a6000 JavaThread "stdout" daemon [_thread_in_native, id=14144, stack(0x00000000261d0000,0x00000000262d0000)]
  0x000000001829e000 JavaThread "stderr" daemon [_thread_in_native, id=12292, stack(0x00000000260d0000,0x00000000261d0000)]
  0x00000000182a5000 JavaThread "stdout" daemon [_thread_in_native, id=13996, stack(0x0000000025fd0000,0x00000000260d0000)]
  0x000000001829d800 JavaThread "stderr" daemon [_thread_in_native, id=13796, stack(0x0000000025ed0000,0x0000000025fd0000)]
  0x00000000182a4800 JavaThread "stdout" daemon [_thread_in_native, id=9732, stack(0x0000000025dd0000,0x0000000025ed0000)]
  0x00000000182a3800 JavaThread "stderr" daemon [_thread_in_native, id=12388, stack(0x0000000025cd0000,0x0000000025dd0000)]
  0x000000001829c000 JavaThread "stdout" daemon [_thread_in_native, id=5716, stack(0x0000000025bd0000,0x0000000025cd0000)]
  0x00000000182a2800 JavaThread "stderr" daemon [_thread_in_native, id=9744, stack(0x0000000025ad0000,0x0000000025bd0000)]
  0x000000001829b000 JavaThread "stdout" daemon [_thread_in_native, id=11020, stack(0x00000000259d0000,0x0000000025ad0000)]
  0x00000000182a2000 JavaThread "stderr" daemon [_thread_in_native, id=12492, stack(0x00000000258d0000,0x00000000259d0000)]
  0x000000001829a800 JavaThread "stdout" daemon [_thread_in_native, id=7772, stack(0x00000000257d0000,0x00000000258d0000)]
  0x00000000182a1000 JavaThread "stderr" daemon [_thread_in_native, id=13628, stack(0x00000000256d0000,0x00000000257d0000)]
  0x00000000182a0800 JavaThread "stdout" daemon [_thread_in_native, id=5528, stack(0x00000000255d0000,0x00000000256d0000)]
  0x000000001829f800 JavaThread "stderr" daemon [_thread_in_native, id=13612, stack(0x00000000254d0000,0x00000000255d0000)]
  0x0000000018299800 JavaThread "stdout" daemon [_thread_in_native, id=7548, stack(0x00000000253d0000,0x00000000254d0000)]
  0x000000001829c800 JavaThread "stderr" daemon [_thread_in_native, id=14164, stack(0x00000000252d0000,0x00000000253d0000)]
  0x000000001829f000 JavaThread "stdout" daemon [_thread_in_native, id=5484, stack(0x00000000251d0000,0x00000000252d0000)]
  0x000000001d437800 JavaThread "stderr" daemon [_thread_in_native, id=11424, stack(0x00000000250d0000,0x00000000251d0000)]
  0x000000001d435000 JavaThread "stdout" daemon [_thread_in_native, id=13848, stack(0x0000000024fd0000,0x00000000250d0000)]
  0x000000001d434800 JavaThread "stderr" daemon [_thread_in_native, id=13820, stack(0x0000000024ed0000,0x0000000024fd0000)]
  0x000000001d432000 JavaThread "stdout" daemon [_thread_in_native, id=8644, stack(0x0000000024cd0000,0x0000000024dd0000)]
  0x000000001d433000 JavaThread "stderr" daemon [_thread_in_native, id=13516, stack(0x0000000024bd0000,0x0000000024cd0000)]
  0x000000001d430000 JavaThread "stdout" daemon [_thread_in_native, id=9896, stack(0x0000000024ad0000,0x0000000024bd0000)]
  0x000000001d431800 JavaThread "stderr" daemon [_thread_in_native, id=12048, stack(0x00000000249d0000,0x0000000024ad0000)]
  0x000000001d436800 JavaThread "stdout" daemon [_thread_in_native, id=12584, stack(0x00000000248d0000,0x00000000249d0000)]
  0x000000001d430800 JavaThread "stderr" daemon [_thread_in_native, id=14168, stack(0x00000000247d0000,0x00000000248d0000)]
  0x000000001d436000 JavaThread "stdout" daemon [_thread_in_native, id=13180, stack(0x00000000246d0000,0x00000000247d0000)]
  0x000000001d428800 JavaThread "stderr" daemon [_thread_in_native, id=8632, stack(0x00000000245d0000,0x00000000246d0000)]
  0x000000001d42f000 JavaThread "stdout" daemon [_thread_in_native, id=1744, stack(0x00000000244d0000,0x00000000245d0000)]
  0x000000001d429000 JavaThread "stderr" daemon [_thread_in_native, id=9664, stack(0x00000000243d0000,0x00000000244d0000)]
  0x000000001d42e800 JavaThread "png-cruncher_20" daemon [_thread_blocked, id=12180, stack(0x00000000242d0000,0x00000000243d0000)]
  0x000000001d42d800 JavaThread "png-cruncher_19" daemon [_thread_blocked, id=13616, stack(0x00000000241d0000,0x00000000242d0000)]
  0x000000001d42b800 JavaThread "png-cruncher_18" daemon [_thread_blocked, id=8836, stack(0x00000000240d0000,0x00000000241d0000)]
  0x000000001d42d000 JavaThread "png-cruncher_17" daemon [_thread_blocked, id=4932, stack(0x0000000023fd0000,0x00000000240d0000)]
  0x000000001d42c000 JavaThread "png-cruncher_16" daemon [_thread_blocked, id=5244, stack(0x0000000023ed0000,0x0000000023fd0000)]
  0x000000001d42a000 JavaThread "stdout" daemon [_thread_in_native, id=5220, stack(0x0000000023dd0000,0x0000000023ed0000)]
  0x000000001d42a800 JavaThread "stderr" daemon [_thread_in_native, id=8200, stack(0x0000000023cd0000,0x0000000023dd0000)]
  0x000000001910f800 JavaThread "png-cruncher_15" daemon [_thread_blocked, id=9300, stack(0x0000000023bd0000,0x0000000023cd0000)]
  0x000000001910e800 JavaThread "png-cruncher_14" daemon [_thread_blocked, id=13144, stack(0x0000000023ad0000,0x0000000023bd0000)]
  0x000000001910e000 JavaThread "png-cruncher_13" daemon [_thread_blocked, id=9444, stack(0x00000000239d0000,0x0000000023ad0000)]
  0x0000000019106800 JavaThread "png-cruncher_12" daemon [_thread_blocked, id=9432, stack(0x00000000238d0000,0x00000000239d0000)]
  0x000000001910d000 JavaThread "png-cruncher_11" daemon [_thread_blocked, id=12792, stack(0x00000000237d0000,0x00000000238d0000)]
  0x000000001910c800 JavaThread "png-cruncher_10" daemon [_thread_blocked, id=12580, stack(0x00000000236d0000,0x00000000237d0000)]
  0x000000001910b800 JavaThread "png-cruncher_9" daemon [_thread_blocked, id=11496, stack(0x00000000235d0000,0x00000000236d0000)]
  0x000000001910b000 JavaThread "png-cruncher_8" daemon [_thread_blocked, id=12704, stack(0x00000000234d0000,0x00000000235d0000)]
  0x000000001910a000 JavaThread "png-cruncher_7" daemon [_thread_blocked, id=1092, stack(0x00000000233d0000,0x00000000234d0000)]
  0x0000000019108000 JavaThread "png-cruncher_6" daemon [_thread_blocked, id=12320, stack(0x00000000232d0000,0x00000000233d0000)]
  0x0000000019109800 JavaThread "png-cruncher_5" daemon [_thread_blocked, id=1476, stack(0x00000000231d0000,0x00000000232d0000)]
  0x0000000019102800 JavaThread "png-cruncher_4" daemon [_thread_blocked, id=7396, stack(0x00000000230d0000,0x00000000231d0000)]
  0x0000000019108800 JavaThread "png-cruncher_3" daemon [_thread_blocked, id=13188, stack(0x0000000022fd0000,0x00000000230d0000)]
  0x0000000019100800 JavaThread "png-cruncher_2" daemon [_thread_blocked, id=12424, stack(0x0000000022ed0000,0x0000000022fd0000)]
  0x0000000019105800 JavaThread "png-cruncher_1" daemon [_thread_blocked, id=8916, stack(0x0000000022dd0000,0x0000000022ed0000)]
  0x00000000195c8000 JavaThread "File lock request listener" [_thread_in_native, id=11624, stack(0x000000001b950000,0x000000001ba50000)]
  0x0000000018bb7000 JavaThread "pool-1-thread-1" [_thread_blocked, id=14264, stack(0x0000000019b40000,0x0000000019c40000)]
  0x000000001891a000 JavaThread "Incoming local TCP Connector on port 50056" [_thread_in_native, id=7292, stack(0x00000000197a0000,0x00000000198a0000)]
  0x000000001782d000 JavaThread "Service Thread" daemon [_thread_blocked, id=3704, stack(0x0000000017dd0000,0x0000000017ed0000)]
  0x00000000177d3000 JavaThread "C1 CompilerThread2" daemon [_thread_blocked, id=8180, stack(0x0000000017cd0000,0x0000000017dd0000)]
=>0x00000000161bc800 JavaThread "C2 CompilerThread1" daemon [_thread_in_native, id=13564, stack(0x0000000017bd0000,0x0000000017cd0000)]
  0x00000000161ba800 JavaThread "C2 CompilerThread0" daemon [_thread_blocked, id=2860, stack(0x00000000176d0000,0x00000000177d0000)]
  0x00000000161b9000 JavaThread "Attach Listener" daemon [_thread_blocked, id=13152, stack(0x00000000175d0000,0x00000000176d0000)]
  0x0000000016156800 JavaThread "Signal Dispatcher" daemon [_thread_blocked, id=12380, stack(0x00000000174d0000,0x00000000175d0000)]
  0x0000000016148800 JavaThread "Finalizer" daemon [_thread_blocked, id=8404, stack(0x00000000173d0000,0x00000000174d0000)]
  0x00000000027e0000 JavaThread "Reference Handler" daemon [_thread_blocked, id=10740, stack(0x00000000172d0000,0x00000000173d0000)]
  0x00000000026f0800 JavaThread "main" [_thread_blocked, id=11604, stack(0x00000000025e0000,0x00000000026e0000)]

Other Threads:
  0x0000000016124800 VMThread [stack: 0x00000000171d0000,0x00000000172d0000] [id=13200]
  0x000000001782f000 WatcherThread [stack: 0x0000000017ed0000,0x0000000017fd0000] [id=11936]

VM state:not at safepoint (normal execution)

VM Mutex/Monitor currently owned by a thread: None

Heap:
 PSYoungGen      total 335872K, used 120453K [0x00000000e0000000, 0x00000000f9580000, 0x0000000100000000)
  eden space 270848K, 26% used [0x00000000e0000000,0x00000000e4664470,0x00000000f0880000)
  from space 65024K, 74% used [0x00000000f0880000,0x00000000f37bd140,0x00000000f4800000)
  to   space 53760K, 0% used [0x00000000f4800000,0x00000000f4800000,0x00000000f7c80000)
 ParOldGen       total 207872K, used 108326K [0x00000000a0000000, 0x00000000acb00000, 0x00000000e0000000)
  object space 207872K, 52% used [0x00000000a0000000,0x00000000a69c98b0,0x00000000acb00000)
 Metaspace       used 70054K, capacity 72054K, committed 74672K, reserved 1114112K
  class space    used 8754K, capacity 9103K, committed 9904K, reserved 1048576K

Card table byte_map: [0x0000000011bb0000,0x0000000011ec0000] byte_map_base: 0x00000000116b0000

Marking Bits: (ParMarkBitMap*) 0x0000000055be9d00
 Begin Bits: [0x00000000124c0000, 0x0000000013cc0000)
 End Bits:   [0x0000000013cc0000, 0x00000000154c0000)

Polling page: 0x0000000000500000

CodeCache: size=245760Kb used=45857Kb max_used=45901Kb free=199902Kb
 bounds [0x00000000027f0000, 0x0000000005500000, 0x00000000117f0000]
 total_blobs=13864 nmethods=13088 adapters=688
 compilation: enabled

Compilation events (10 events):
Event: 2235.302 Thread 0x00000000177d3000 16257       3       java.security.Provider$ServiceKey::<init> (39 bytes)
Event: 2235.302 Thread 0x00000000177d3000 nmethod 16257 0x00000000052e9090 code [0x00000000052e9220, 0x00000000052e95f8]
Event: 2235.304 Thread 0x00000000177d3000 16258       3       java.security.Provider::parseLegacyPut (457 bytes)
Event: 2235.306 Thread 0x00000000177d3000 nmethod 16258 0x00000000052e47d0 code [0x00000000052e4c80, 0x00000000052e76d8]
Event: 2235.308 Thread 0x00000000177d3000 16259       3       sun.security.provider.ByteArrayAccess::i2bBig (204 bytes)
Event: 2235.309 Thread 0x00000000177d3000 nmethod 16259 0x00000000052e3f90 code [0x00000000052e4120, 0x00000000052e45a8]
Event: 2235.310 Thread 0x00000000177d3000 16260       3       java.math.BigInteger::stripLeadingZeroBytes (132 bytes)
Event: 2235.311 Thread 0x00000000177d3000 nmethod 16260 0x0000000003405350 code [0x00000000034054e0, 0x0000000003405a50]
Event: 2235.312 Thread 0x00000000177d3000 16261   !   3       com.sun.org.apache.xerces.internal.parsers.XML11Configuration::<init> (1045 bytes)
Event: 2235.319 Thread 0x00000000177d3000 nmethod 16261 0x00000000052d6ad0 code [0x00000000052d7540, 0x00000000052e0508]

GC Heap History (10 events):
Event: 2216.587 GC heap before
{Heap before GC invocations=24 (full 4):
 PSYoungGen      total 238592K, used 238575K [0x00000000e0000000, 0x00000000f2880000, 0x0000000100000000)
  eden space 209408K, 100% used [0x00000000e0000000,0x00000000ecc80000,0x00000000ecc80000)
  from space 29184K, 99% used [0x00000000ecc80000,0x00000000ee8fbd28,0x00000000ee900000)
  to   space 38400K, 0% used [0x00000000f0300000,0x00000000f0300000,0x00000000f2880000)
 ParOldGen       total 99328K, used 79126K [0x00000000a0000000, 0x00000000a6100000, 0x00000000e0000000)
  object space 99328K, 79% used [0x00000000a0000000,0x00000000a4d45978,0x00000000a6100000)
 Metaspace       used 71519K, capacity 74524K, committed 74672K, reserved 1114112K
  class space    used 9153K, capacity 9789K, committed 9904K, reserved 1048576K
Event: 2216.910 GC heap after
Heap after GC invocations=24 (full 4):
 PSYoungGen      total 251392K, used 38379K [0x00000000e0000000, 0x00000000f7080000, 0x0000000100000000)
  eden space 212992K, 0% used [0x00000000e0000000,0x00000000e0000000,0x00000000ed000000)
  from space 38400K, 99% used [0x00000000f0300000,0x00000000f287ac70,0x00000000f2880000)
  to   space 52224K, 0% used [0x00000000ed000000,0x00000000ed000000,0x00000000f0300000)
 ParOldGen       total 100864K, used 100624K [0x00000000a0000000, 0x00000000a6280000, 0x00000000e0000000)
  object space 100864K, 99% used [0x00000000a0000000,0x00000000a6244160,0x00000000a6280000)
 Metaspace       used 71519K, capacity 74524K, committed 74672K, reserved 1114112K
  class space    used 9153K, capacity 9789K, committed 9904K, reserved 1048576K
}
Event: 2216.910 GC heap before
{Heap before GC invocations=25 (full 5):
 PSYoungGen      total 251392K, used 38379K [0x00000000e0000000, 0x00000000f7080000, 0x0000000100000000)
  eden space 212992K, 0% used [0x00000000e0000000,0x00000000e0000000,0x00000000ed000000)
  from space 38400K, 99% used [0x00000000f0300000,0x00000000f287ac70,0x00000000f2880000)
  to   space 52224K, 0% used [0x00000000ed000000,0x00000000ed000000,0x00000000f0300000)
 ParOldGen       total 100864K, used 100624K [0x00000000a0000000, 0x00000000a6280000, 0x00000000e0000000)
  object space 100864K, 99% used [0x00000000a0000000,0x00000000a6244160,0x00000000a6280000)
 Metaspace       used 71519K, capacity 74524K, committed 74672K, reserved 1114112K
  class space    used 9153K, capacity 9789K, committed 9904K, reserved 1048576K
Event: 2218.381 GC heap after
Heap after GC invocations=25 (full 5):
 PSYoungGen      total 251392K, used 1512K [0x00000000e0000000, 0x00000000f7080000, 0x0000000100000000)
  eden space 212992K, 0% used [0x00000000e0000000,0x00000000e0000000,0x00000000ed000000)
  from space 38400K, 3% used [0x00000000f0300000,0x00000000f047a378,0x00000000f2880000)
  to   space 52224K, 0% used [0x00000000ed000000,0x00000000ed000000,0x00000000f0300000)
 ParOldGen       total 207872K, used 100459K [0x00000000a0000000, 0x00000000acb00000, 0x00000000e0000000)
  object space 207872K, 48% used [0x00000000a0000000,0x00000000a621aec8,0x00000000acb00000)
 Metaspace       used 68749K, capacity 70612K, committed 74672K, reserved 1114112K
  class space    used 8610K, capacity 8942K, committed 9904K, reserved 1048576K
}
Event: 2221.522 GC heap before
{Heap before GC invocations=26 (full 5):
 PSYoungGen      total 251392K, used 214504K [0x00000000e0000000, 0x00000000f7080000, 0x0000000100000000)
  eden space 212992K, 100% used [0x00000000e0000000,0x00000000ed000000,0x00000000ed000000)
  from space 38400K, 3% used [0x00000000f0300000,0x00000000f047a378,0x00000000f2880000)
  to   space 52224K, 0% used [0x00000000ed000000,0x00000000ed000000,0x00000000f0300000)
 ParOldGen       total 207872K, used 100459K [0x00000000a0000000, 0x00000000acb00000, 0x00000000e0000000)
  object space 207872K, 48% used [0x00000000a0000000,0x00000000a621aec8,0x00000000acb00000)
 Metaspace       used 68802K, capacity 70612K, committed 74672K, reserved 1114112K
  class space    used 8611K, capacity 8942K, committed 9904K, reserved 1048576K
Event: 2221.761 GC heap after
Heap after GC invocations=26 (full 5):
 PSYoungGen      total 265216K, used 33212K [0x00000000e0000000, 0x00000000f7c80000, 0x0000000100000000)
  eden space 212992K, 0% used [0x00000000e0000000,0x00000000e0000000,0x00000000ed000000)
  from space 52224K, 63% used [0x00000000ed000000,0x00000000ef06f3d0,0x00000000f0300000)
  to   space 53760K, 0% used [0x00000000f4800000,0x00000000f4800000,0x00000000f7c80000)
 ParOldGen       total 207872K, used 100467K [0x00000000a0000000, 0x00000000acb00000, 0x00000000e0000000)
  object space 207872K, 48% used [0x00000000a0000000,0x00000000a621cec8,0x00000000acb00000)
 Metaspace       used 68802K, capacity 70612K, committed 74672K, reserved 1114112K
  class space    used 8611K, capacity 8942K, committed 9904K, reserved 1048576K
}
Event: 2223.484 GC heap before
{Heap before GC invocations=27 (full 5):
 PSYoungGen      total 265216K, used 246204K [0x00000000e0000000, 0x00000000f7c80000, 0x0000000100000000)
  eden space 212992K, 100% used [0x00000000e0000000,0x00000000ed000000,0x00000000ed000000)
  from space 52224K, 63% used [0x00000000ed000000,0x00000000ef06f3d0,0x00000000f0300000)
  to   space 53760K, 0% used [0x00000000f4800000,0x00000000f4800000,0x00000000f7c80000)
 ParOldGen       total 207872K, used 100467K [0x00000000a0000000, 0x00000000acb00000, 0x00000000e0000000)
  object space 207872K, 48% used [0x00000000a0000000,0x00000000a621cec8,0x00000000acb00000)
 Metaspace       used 68878K, capacity 70736K, committed 74672K, reserved 1114112K
  class space    used 8616K, capacity 8952K, committed 9904K, reserved 1048576K
Event: 2223.707 GC heap after
Heap after GC invocations=27 (full 5):
 PSYoungGen      total 324608K, used 53730K [0x00000000e0000000, 0x00000000f9580000, 0x0000000100000000)
  eden space 270848K, 0% used [0x00000000e0000000,0x00000000e0000000,0x00000000f0880000)
  from space 53760K, 99% used [0x00000000f4800000,0x00000000f7c78b08,0x00000000f7c80000)
  to   space 65024K, 0% used [0x00000000f0880000,0x00000000f0880000,0x00000000f4800000)
 ParOldGen       total 207872K, used 107726K [0x00000000a0000000, 0x00000000acb00000, 0x00000000e0000000)
  object space 207872K, 51% used [0x00000000a0000000,0x00000000a69338b0,0x00000000acb00000)
 Metaspace       used 68878K, capacity 70736K, committed 74672K, reserved 1114112K
  class space    used 8616K, capacity 8952K, committed 9904K, reserved 1048576K
}
Event: 2230.353 GC heap before
{Heap before GC invocations=28 (full 5):
 PSYoungGen      total 324608K, used 324578K [0x00000000e0000000, 0x00000000f9580000, 0x0000000100000000)
  eden space 270848K, 100% used [0x00000000e0000000,0x00000000f0880000,0x00000000f0880000)
  from space 53760K, 99% used [0x00000000f4800000,0x00000000f7c78b08,0x00000000f7c80000)
  to   space 65024K, 0% used [0x00000000f0880000,0x00000000f0880000,0x00000000f4800000)
 ParOldGen       total 207872K, used 107726K [0x00000000a0000000, 0x00000000acb00000, 0x00000000e0000000)
  object space 207872K, 51% used [0x00000000a0000000,0x00000000a69338b0,0x00000000acb00000)
 Metaspace       used 68930K, capacity 70736K, committed 74672K, reserved 1114112K
  class space    used 8618K, capacity 8952K, committed 9904K, reserved 1048576K
Event: 2230.686 GC heap after
Heap after GC invocations=28 (full 5):
 PSYoungGen      total 335872K, used 48372K [0x00000000e0000000, 0x00000000f9580000, 0x0000000100000000)
  eden space 270848K, 0% used [0x00000000e0000000,0x00000000e0000000,0x00000000f0880000)
  from space 65024K, 74% used [0x00000000f0880000,0x00000000f37bd140,0x00000000f4800000)
  to   space 53760K, 0% used [0x00000000f4800000,0x00000000f4800000,0x00000000f7c80000)
 ParOldGen       total 207872K, used 108326K [0x00000000a0000000, 0x00000000acb00000, 0x00000000e0000000)
  object space 207872K, 52% used [0x00000000a0000000,0x00000000a69c98b0,0x00000000acb00000)
 Metaspace       used 68930K, capacity 70736K, committed 74672K, reserved 1114112K
  class space    used 8618K, capacity 8952K, committed 9904K, reserved 1048576K
}

Deoptimization events (10 events):
Event: 2234.762 Thread 0x000000001a872800 Uncommon trap: reason=unstable_if action=reinterpret pc=0x0000000004f73974 method=java.util.TreeMap.deleteEntry(Ljava/util/TreeMap$Entry;)V @ 207
Event: 2235.291 Thread 0x000000001a872800 Uncommon trap: reason=unstable_if action=reinterpret pc=0x000000000330a8f0 method=java.security.Provider$ServiceKey.matches(Ljava/lang/String;Ljava/lang/String;)Z @ 5
Event: 2235.296 Thread 0x000000001a872800 Uncommon trap: reason=unstable_if action=reinterpret pc=0x0000000003156d7c method=java.lang.ref.SoftReference.get()Ljava/lang/Object; @ 6
Event: 2235.297 Thread 0x000000001a872800 Uncommon trap: reason=unstable_if action=reinterpret pc=0x00000000043c2f94 method=sun.util.calendar.BaseCalendar.getFixedDate(IIILsun/util/calendar/BaseCalendar$Date;)J @ 76
Event: 2235.297 Thread 0x000000001a872800 Uncommon trap: reason=unstable_if action=reinterpret pc=0x0000000004c849e8 method=sun.util.calendar.BaseCalendar.getFixedDate(IIILsun/util/calendar/BaseCalendar$Date;)J @ 76
Event: 2235.300 Thread 0x000000001a872800 Uncommon trap: reason=unstable_if action=reinterpret pc=0x000000000466d248 method=sun.security.jca.ProviderConfig.getProvider()Ljava/security/Provider; @ 6
Event: 2235.302 Thread 0x000000001a872800 Uncommon trap: reason=class_check action=maybe_recompile pc=0x00000000037933b0 method=java.security.Provider$Service.newInstance(Ljava/lang/Object;)Ljava/lang/Object; @ 19
Event: 2235.306 Thread 0x000000001a872800 Uncommon trap: reason=unstable_if action=reinterpret pc=0x0000000002cd019c method=java.lang.ref.SoftReference.get()Ljava/lang/Object; @ 6
Event: 2235.308 Thread 0x000000001a872800 Uncommon trap: reason=unstable_if action=reinterpret pc=0x00000000041343e4 method=java.math.BigInteger.stripLeadingZeroBytes([B)[I @ 7
Event: 2235.308 Thread 0x000000001a872800 Uncommon trap: reason=unstable_if action=reinterpret pc=0x0000000004478154 method=java.math.BigInteger.bitLength()I @ 21

Internal exceptions (10 events):
Event: 2222.236 Thread 0x0000000018bb7000 Exception <a 'java/lang/NoSuchMethodError': <clinit>> (0x00000000e25aee30) thrown at [C:\src\android\AOSP-openjdk\external\jetbrains\jdk\hotspot\src\share\vm\prims\jni.cpp, line 1591]
Event: 2222.240 Thread 0x0000000018bb7000 Exception <a 'java/lang/NoSuchMethodError': <clinit>> (0x00000000e25d59b0) thrown at [C:\src\android\AOSP-openjdk\external\jetbrains\jdk\hotspot\src\share\vm\prims\jni.cpp, line 1591]
Event: 2222.241 Thread 0x0000000018bb7000 Exception <a 'java/lang/NoSuchMethodError': <clinit>> (0x00000000e25e57b8) thrown at [C:\src\android\AOSP-openjdk\external\jetbrains\jdk\hotspot\src\share\vm\prims\jni.cpp, line 1591]
Event: 2222.244 Thread 0x0000000018bb7000 Implicit null exception at 0x00000000034690bc to 0x000000000346965d
Event: 2222.245 Thread 0x0000000018bb7000 Exception <a 'java/lang/NoSuchMethodError': <clinit>> (0x00000000e25f9f78) thrown at [C:\src\android\AOSP-openjdk\external\jetbrains\jdk\hotspot\src\share\vm\prims\jni.cpp, line 1591]
Event: 2222.535 Thread 0x0000000018ff7000 Implicit null exception at 0x0000000004a1ce90 to 0x0000000004a1d6f9
Event: 2232.508 Thread 0x000000001a87e000 Implicit null exception at 0x000000000470bbe0 to 0x000000000470bfd1
Event: 2232.508 Thread 0x000000001a87e000 Implicit null exception at 0x00000000033803d3 to 0x00000000033805bd
Event: 2235.296 Thread 0x000000001a872800 Implicit null exception at 0x000000000315603a to 0x0000000003156d51
Event: 2235.306 Thread 0x000000001a872800 Implicit null exception at 0x0000000002ccfbdc to 0x0000000002cd0175

Events (10 events):
Event: 2235.308 Thread 0x000000001a872800 Uncommon trap: trap_request=0xffffff65 fr.pc=0x0000000004478154
Event: 2235.308 Thread 0x000000001a872800 DEOPT PACKING pc=0x0000000004478154 sp=0x0000000027acbf10
Event: 2235.308 Thread 0x000000001a872800 DEOPT UNPACKING pc=0x000000000283556a sp=0x0000000027acbe20 mode 2
Event: 2235.309 loading class java/security/KeyStore$PrivateKeyEntry
Event: 2235.309 loading class java/security/KeyStore$Entry
Event: 2235.310 Thread 0x00000000177d3000 flushing nmethod 0x0000000003405210
Event: 2235.310 loading class java/security/KeyStore$Entry done
Event: 2235.310 loading class java/security/KeyStore$PrivateKeyEntry done
Event: 2235.310 loading class com/android/ide/common/signing/CertificateInfo
Event: 2235.310 loading class com/android/ide/common/signing/CertificateInfo done


Dynamic libraries:
0x00007ff683e20000 - 0x00007ff683e51000 	C:\Program Files\Android\Android Studio\jre\bin\java.exe
0x00007ff9ad630000 - 0x00007ff9ad801000 	C:\WINDOWS\SYSTEM32\ntdll.dll
0x00007ff9aabc0000 - 0x00007ff9aac6b000 	C:\WINDOWS\System32\KERNEL32.DLL
0x00007ff9aa880000 - 0x00007ff9aaa9d000 	C:\WINDOWS\System32\KERNELBASE.dll
0x00007ff9acc00000 - 0x00007ff9acca2000 	C:\WINDOWS\System32\ADVAPI32.dll
0x00007ff9ad0c0000 - 0x00007ff9ad15e000 	C:\WINDOWS\System32\msvcrt.dll
0x00007ff9accc0000 - 0x00007ff9acd19000 	C:\WINDOWS\System32\sechost.dll
0x00007ff9ab320000 - 0x00007ff9ab441000 	C:\WINDOWS\System32\RPCRT4.dll
0x00007ff9aac90000 - 0x00007ff9aadf5000 	C:\WINDOWS\System32\USER32.dll
0x00007ff9aaaa0000 - 0x00007ff9aaabe000 	C:\WINDOWS\System32\win32u.dll
0x00007ff9acd20000 - 0x00007ff9acd54000 	C:\WINDOWS\System32\GDI32.dll
0x00007ff9a9e40000 - 0x00007ff9a9fc2000 	C:\WINDOWS\System32\gdi32full.dll
0x00007ff9a2960000 - 0x00007ff9a2bda000 	C:\WINDOWS\WinSxS\amd64_microsoft.windows.common-controls_6595b64144ccf1df_6.0.14393.953_none_42151e83c686086b\COMCTL32.dll
0x00007ff9aaf40000 - 0x00007ff9ab208000 	C:\WINDOWS\System32\combase.dll
0x00007ff9aaac0000 - 0x00007ff9aabb5000 	C:\WINDOWS\System32\ucrtbase.dll
0x00007ff9aa6b0000 - 0x00007ff9aa71a000 	C:\WINDOWS\System32\bcryptPrimitives.dll
0x00007ff9ad160000 - 0x00007ff9ad18e000 	C:\WINDOWS\System32\IMM32.DLL
0x0000000055350000 - 0x0000000055422000 	C:\Program Files\Android\Android Studio\jre\jre\bin\msvcr100.dll
0x0000000055430000 - 0x0000000055c64000 	C:\Program Files\Android\Android Studio\jre\jre\bin\server\jvm.dll
0x00007ff9ad190000 - 0x00007ff9ad198000 	C:\WINDOWS\System32\PSAPI.DLL
0x00007ff9a7f10000 - 0x00007ff9a7f33000 	C:\WINDOWS\SYSTEM32\WINMM.dll
0x00007ff9953f0000 - 0x00007ff9953fa000 	C:\WINDOWS\SYSTEM32\VERSION.dll
0x00007ff9997f0000 - 0x00007ff9997f9000 	C:\WINDOWS\SYSTEM32\WSOCK32.dll
0x00007ff9acb90000 - 0x00007ff9acbfa000 	C:\WINDOWS\System32\WS2_32.dll
0x00007ff9a7ee0000 - 0x00007ff9a7f0b000 	C:\WINDOWS\SYSTEM32\WINMMBASE.dll
0x00007ff9a9df0000 - 0x00007ff9a9e32000 	C:\WINDOWS\System32\cfgmgr32.dll
0x00007ff9a1980000 - 0x00007ff9a198f000 	C:\Program Files\Android\Android Studio\jre\jre\bin\verify.dll
0x00007ff99d610000 - 0x00007ff99d639000 	C:\Program Files\Android\Android Studio\jre\jre\bin\java.dll
0x00007ff99e190000 - 0x00007ff99e1a6000 	C:\Program Files\Android\Android Studio\jre\jre\bin\zip.dll
0x00007ff9ab680000 - 0x00007ff9acb89000 	C:\WINDOWS\System32\SHELL32.dll
0x00007ff9a9fd0000 - 0x00007ff9aa6aa000 	C:\WINDOWS\System32\windows.storage.dll
0x00007ff9a9ac0000 - 0x00007ff9a9b0c000 	C:\WINDOWS\System32\powrprof.dll
0x00007ff9ab610000 - 0x00007ff9ab662000 	C:\WINDOWS\System32\shlwapi.dll
0x00007ff9a9b10000 - 0x00007ff9a9b1f000 	C:\WINDOWS\System32\kernel.appcore.dll
0x00007ff9aa720000 - 0x00007ff9aa7c9000 	C:\WINDOWS\System32\shcore.dll
0x00007ff9a9a90000 - 0x00007ff9a9aa4000 	C:\WINDOWS\System32\profapi.dll
0x00007ff99d6e0000 - 0x00007ff99d6fa000 	C:\Program Files\Android\Android Studio\jre\jre\bin\net.dll
0x00007ff9a9360000 - 0x00007ff9a93bc000 	C:\WINDOWS\system32\mswsock.dll
0x00007ff99d680000 - 0x00007ff99d691000 	C:\Program Files\Android\Android Studio\jre\jre\bin\nio.dll
0x00007ff99d540000 - 0x00007ff99d552000 	C:\Users\admin\.gradle\native\19\windows-amd64\native-platform.dll
0x00007ff9a9500000 - 0x00007ff9a9517000 	C:\WINDOWS\SYSTEM32\CRYPTSP.dll
0x00007ff9a8f60000 - 0x00007ff9a8f93000 	C:\WINDOWS\system32\rsaenh.dll
0x00007ff9a99d0000 - 0x00007ff9a99fb000 	C:\WINDOWS\SYSTEM32\bcrypt.dll
0x00007ff9a91e0000 - 0x00007ff9a91ff000 	C:\WINDOWS\SYSTEM32\USERENV.dll
0x00007ff9a9520000 - 0x00007ff9a952b000 	C:\WINDOWS\SYSTEM32\CRYPTBASE.dll
0x00007ff9a90e0000 - 0x00007ff9a9118000 	C:\WINDOWS\SYSTEM32\IPHLPAPI.DLL
0x00007ff9accb0000 - 0x00007ff9accb8000 	C:\WINDOWS\System32\NSI.dll
0x00007ff9a3d40000 - 0x00007ff9a3d56000 	C:\WINDOWS\SYSTEM32\dhcpcsvc6.DLL
0x00007ff9a3e10000 - 0x00007ff9a3e2a000 	C:\WINDOWS\SYSTEM32\dhcpcsvc.DLL
0x00007ff9a1960000 - 0x00007ff9a196d000 	C:\Program Files\Android\Android Studio\jre\jre\bin\management.dll

VM Arguments:
jvm_args: -Xmx1536m -Dfile.encoding=GBK -Duser.country=CN -Duser.language=zh -Duser.variant 
java_command: org.gradle.launcher.daemon.bootstrap.GradleDaemon 2.14.1
java_class_path (initial): C:\Program Files\Android\Android Studio\gradle\gradle-2.14.1\lib\gradle-launcher-2.14.1.jar
Launcher Type: SUN_STANDARD

Environment Variables:
JAVA_HOME=C:\Program Files\Java\jdk1.7.0_75
CLASSPATH=C:\apache-tomcat-8.0.36-windows-x64\apache-tomcat-8.0.36\bin\BIN
PATH=C:\Program Files (x86)\Intel\iCLS Client\;C:\Program Files\Intel\iCLS Client\;C:\WINDOWS\system32;C:\WINDOWS;C:\WINDOWS\System32\Wbem;C:\WINDOWS\System32\WindowsPowerShell\v1.0\;C:\Program Files\Microsoft SQL Server\110\Tools\Binn\;C:\Program Files\Microsoft SQL Server\110\DTS\Binn\;C:\Program Files (x86)\Microsoft SQL Server\110\Tools\Binn\;C:\Program Files (x86)\Microsoft SQL Server\110\Tools\Binn\ManagementStudio\;C:\Program Files (x86)\Microsoft Visual Studio 10.0\Common7\IDE\PrivateAssemblies\;C:\Program Files (x86)\Microsoft SQL Server\110\DTS\Binn\;C:\Program Files\Java\jdk1.7.0_75\bin;C:\Program Files\MySQL\MySQL Server 5.5\bin;C:\Program Files\SDK_22.3_64\SDK_22.3_64\sdk\sdk\tools;C:\Program Files\SDK_22.3_64\SDK_22.3_64\sdk\sdk\platform-tools;C:\Program Files\Git\cmd;C:\Program Files\Git\usr\bin;C:\Users\admin\AppData\Local\Microsoft\WindowsApps;
USERNAME=admin
OS=Windows_NT
PROCESSOR_IDENTIFIER=Intel64 Family 6 Model 61 Stepping 4, GenuineIntel



---------------  S Y S T E M  ---------------

OS: Windows 10.0 , 64 bit Build 14393 (10.0.14393.0)

CPU:total 4 (2 cores per cpu, 2 threads per core) family 6 model 61 stepping 4, cmov, cx8, fxsr, mmx, sse, sse2, sse3, ssse3, sse4.1, sse4.2, popcnt, avx, avx2, aes, clmul, erms, 3dnowpref, lzcnt, ht, tsc, tscinvbit, bmi1, bmi2, adx

Memory: 4k page, physical 8288684k(555980k free), swap 10306484k(3968k free)

vm_info: OpenJDK 64-Bit Server VM (25.76-b03) for windows-amd64 JRE (1.8.0_76-release-b03), built on Jun 29 2016 19:09:20 by "ralucas" with MS VC++ 10.0 (VS2010)

time: Wed Mar 22 11:01:22 2017
elapsed time: 2235 seconds (0d 0h 37m 15s)

